  Lab 5.1.cpp
C:\Users\MSI\source\repos\CppLab5\Lab 5\DataManager.h(215,2): warning C4018: '<': signed/unsigned mismatch
C:\Users\MSI\source\repos\CppLab5\Lab 5\DataManager.h(222,2): warning C4018: '<': signed/unsigned mismatch
C:\Users\MSI\source\repos\CppLab5\Lab 5\DataManager.h(42,2): warning C4018: '<': signed/unsigned mismatch
C:\Users\MSI\source\repos\CppLab5\Lab 5\DataManager.h(41): message : while compiling class template member function 'void DataManager<int>::push(T [],size_t)'
          with
          [
              T=int
          ]
C:\Users\MSI\source\repos\CppLab5\Lab 5\Lab 5.1.cpp(34): message : see reference to function template instantiation 'void DataManager<int>::push(T [],size_t)' being compiled
          with
          [
              T=int
          ]
C:\Users\MSI\source\repos\CppLab5\Lab 5\Lab 5.1.cpp(31): message : see reference to class template instantiation 'DataManager<int>' being compiled
C:\Users\MSI\source\repos\CppLab5\Lab 5\DataManager.h(97,2): warning C4018: '<': signed/unsigned mismatch
C:\Users\MSI\source\repos\CppLab5\Lab 5\DataManager.h(82): message : while compiling class template member function 'void DataManager<double>::readFromFile(void)'
C:\Users\MSI\source\repos\CppLab5\Lab 5\DataManager.h(63): message : see reference to function template instantiation 'void DataManager<double>::readFromFile(void)' being compiled
C:\Users\MSI\source\repos\CppLab5\Lab 5\Lab 5.1.cpp(58): message : see reference to class template instantiation 'DataManager<double>' being compiled
C:\Users\MSI\source\repos\CppLab5\Lab 5\DataManager.h(104,2): warning C4018: '<': signed/unsigned mismatch
C:\Users\MSI\source\repos\CppLab5\Lab 5\DataManager.h(81): warning C4715: 'DataManager<double>::pop': not all control paths return a value
C:\Users\MSI\source\repos\CppLab5\Lab 5\DataManager.h(198): warning C4715: 'DataManager<char>::popLower': not all control paths return a value
C:\Users\MSI\source\repos\CppLab5\Lab 5\DataManager.h(81): warning C4715: 'DataManager<int>::pop': not all control paths return a value
C:\Users\MSI\source\repos\CppLab5\Lab 5\DataManager.h(175): warning C4715: 'DataManager<char>::popUpper': not all control paths return a value
  Lab 5.vcxproj -> C:\Users\MSI\source\repos\CppLab5\Debug\Lab 5.1.exe
